lemonzxing/zxing/sample/build/intermediates/manifest_merge_blame_file/debug/manifest-merger-blame-debug-report.txt
1<?xml version="1.0" encoding="utf-8"?>
2<manifest xmlns:android="http://schemas.android.com/apk/res/android"
3    package="example.zxing"
4    android:versionCode="410"
5    android:versionName="4.1.0" >
6
7    <uses-sdk
8        android:minSdkVersion="24"
8-->src/main/AndroidManifest.xml
9        android:targetSdkVersion="28" />
9-->src/main/AndroidManifest.xml
10
11    <!-- To store the heap dumps and leak analysis results. -->
12    <uses-permission android:name="android.permission.READ_EXTERNAL_STORAGE" />
12-->[com.squareup.leakcanary:leakcanary-android:1.5] AndroidManifest.xml:25:5-80
12-->[com.squareup.leakcanary:leakcanary-android:1.5] AndroidManifest.xml:25:22-77
13    <uses-permission android:name="android.permission.WRITE_EXTERNAL_STORAGE" />
13-->[com.squareup.leakcanary:leakcanary-android:1.5] AndroidManifest.xml:26:5-81
13-->[com.squareup.leakcanary:leakcanary-android:1.5] AndroidManifest.xml:26:22-78
14    <uses-permission android:name="android.permission.CAMERA" /> <!-- Don't require camera, as this requires a rear camera. This allows it to work on the Nexus 7 -->
14-->[:zxing-android-embedded] AndroidManifest.xml:23:5-65
14-->[:zxing-android-embedded] AndroidManifest.xml:23:22-62
15    <uses-feature
15-->[:zxing-android-embedded] AndroidManifest.xml:26:5-28:36
16        android:name="android.hardware.camera"
16-->[:zxing-android-embedded] AndroidManifest.xml:27:9-47
17        android:required="false" />
17-->[:zxing-android-embedded] AndroidManifest.xml:28:9-33
18    <uses-feature
18-->[:zxing-android-embedded] AndroidManifest.xml:29:5-31:36
19        android:name="android.hardware.camera.front"
19-->[:zxing-android-embedded] AndroidManifest.xml:30:9-53
20        android:required="false" /> <!-- TODO replace above two with next line after Android 4.2 -->
20-->[:zxing-android-embedded] AndroidManifest.xml:31:9-33
21    <!-- <uses-feature android:name="android.hardware.camera.any"/> -->
22    <uses-feature
22-->[:zxing-android-embedded] AndroidManifest.xml:34:5-36:36
23        android:name="android.hardware.camera.autofocus"
23-->[:zxing-android-embedded] AndroidManifest.xml:35:9-57
24        android:required="false" />
24-->[:zxing-android-embedded] AndroidManifest.xml:36:9-33
25    <uses-feature
25-->[:zxing-android-embedded] AndroidManifest.xml:37:5-39:36
26        android:name="android.hardware.camera.flash"
26-->[:zxing-android-embedded] AndroidManifest.xml:38:9-53
27        android:required="false" />
27-->[:zxing-android-embedded] AndroidManifest.xml:39:9-33
28    <uses-feature
28-->[:zxing-android-embedded] AndroidManifest.xml:40:5-42:36
29        android:name="android.hardware.screen.landscape"
29-->[:zxing-android-embedded] AndroidManifest.xml:41:9-57
30        android:required="false" />
30-->[:zxing-android-embedded] AndroidManifest.xml:42:9-33
31    <uses-feature
31-->[:zxing-android-embedded] AndroidManifest.xml:43:5-45:36
32        android:name="android.hardware.wifi"
32-->[:zxing-android-embedded] AndroidManifest.xml:44:9-45
33        android:required="false" />
33-->[:zxing-android-embedded] AndroidManifest.xml:45:9-33
34
35    <application
35-->src/main/AndroidManifest.xml:5:5-50:19
36        android:name="example.zxing.SampleApplication"
36-->src/main/AndroidManifest.xml:6:9-42
37        android:allowBackup="false"
37-->src/main/AndroidManifest.xml:7:9-36
38        android:appComponentFactory="androidx.core.app.CoreComponentFactory"
38-->[androidx.core:core:1.1.0] AndroidManifest.xml:24:18-86
39        android:debuggable="true"
40        android:icon="@drawable/icon"
40-->src/main/AndroidManifest.xml:8:9-38
41        android:label="@string/app_name" >
41-->src/main/AndroidManifest.xml:9:9-41
42        <activity
42-->src/main/AndroidManifest.xml:10:9-19:20
43            android:name="example.zxing.MainActivity"
43-->src/main/AndroidManifest.xml:11:13-41
44            android:label="@string/app_name"
44-->src/main/AndroidManifest.xml:12:13-45
45            android:theme="@style/AppTheme" >
45-->src/main/AndroidManifest.xml:13:13-44
46            <intent-filter>
46-->src/main/AndroidManifest.xml:14:13-18:29
47                <action android:name="android.intent.action.MAIN" />
47-->src/main/AndroidManifest.xml:15:17-69
47-->src/main/AndroidManifest.xml:15:25-66
48
49                <category android:name="android.intent.category.LAUNCHER" />
49-->src/main/AndroidManifest.xml:17:17-77
49-->src/main/AndroidManifest.xml:17:27-74
50            </intent-filter>
51        </activity>
52        <activity android:name="example.zxing.ContinuousCaptureActivity" />
52-->src/main/AndroidManifest.xml:20:9-72
52-->src/main/AndroidManifest.xml:20:19-60
53        <activity
53-->src/main/AndroidManifest.xml:21:9-26:72
54            android:name="example.zxing.AnyOrientationCaptureActivity"
54-->src/main/AndroidManifest.xml:22:13-58
55            android:screenOrientation="fullSensor"
55-->src/main/AndroidManifest.xml:23:13-51
56            android:stateNotNeeded="true"
56-->src/main/AndroidManifest.xml:24:13-42
57            android:theme="@style/zxing_CaptureTheme"
57-->src/main/AndroidManifest.xml:25:13-54
58            android:windowSoftInputMode="stateAlwaysHidden" />
58-->src/main/AndroidManifest.xml:26:13-60
59        <activity
59-->src/main/AndroidManifest.xml:27:9-33:72
60            android:name="example.zxing.ToolbarCaptureActivity"
60-->src/main/AndroidManifest.xml:28:13-51
61            android:clearTaskOnLaunch="true"
61-->src/main/AndroidManifest.xml:29:13-45
62            android:screenOrientation="portrait"
62-->src/main/AndroidManifest.xml:30:13-49
63            android:stateNotNeeded="true"
63-->src/main/AndroidManifest.xml:31:13-42
64            android:theme="@style/AppCompatCaptureTheme"
64-->src/main/AndroidManifest.xml:32:13-57
65            android:windowSoftInputMode="stateAlwaysHidden" />
65-->src/main/AndroidManifest.xml:33:13-60
66        <activity
66-->src/main/AndroidManifest.xml:34:9-39:72
67            android:name="example.zxing.CustomScannerActivity"
67-->src/main/AndroidManifest.xml:35:13-50
68            android:screenOrientation="fullSensor"
68-->src/main/AndroidManifest.xml:36:13-51
69            android:stateNotNeeded="true"
69-->src/main/AndroidManifest.xml:37:13-42
70            android:theme="@style/zxing_CaptureTheme"
70-->src/main/AndroidManifest.xml:38:13-54
71            android:windowSoftInputMode="stateAlwaysHidden" />
71-->src/main/AndroidManifest.xml:39:13-60
72        <activity
72-->src/main/AndroidManifest.xml:40:9-45:72
73            android:name="example.zxing.SmallCaptureActivity"
73-->src/main/AndroidManifest.xml:41:13-49
74            android:screenOrientation="fullSensor"
74-->src/main/AndroidManifest.xml:42:13-51
75            android:stateNotNeeded="true"
75-->src/main/AndroidManifest.xml:43:13-42
76            android:theme="@style/zxing_CaptureTheme"
76-->src/main/AndroidManifest.xml:44:13-54
77            android:windowSoftInputMode="stateAlwaysHidden" />
77-->src/main/AndroidManifest.xml:45:13-60
78        <activity
78-->src/main/AndroidManifest.xml:46:9-49:79
79            android:name="example.zxing.TabbedScanning"
79-->src/main/AndroidManifest.xml:47:13-43
80            android:label="@string/title_activity_tabbed_scanning"
80-->src/main/AndroidManifest.xml:49:13-67
81            android:theme="@style/Theme.AppCompat" />
81-->src/main/AndroidManifest.xml:48:13-51
82
83        <service
83-->[com.squareup.leakcanary:leakcanary-android:1.5] AndroidManifest.xml:29:9-32:45
84            android:name="com.squareup.leakcanary.internal.HeapAnalyzerService"
84-->[com.squareup.leakcanary:leakcanary-android:1.5] AndroidManifest.xml:30:13-80
85            android:enabled="false"
85-->[com.squareup.leakcanary:leakcanary-android:1.5] AndroidManifest.xml:31:13-36
86            android:process=":leakcanary" />
86-->[com.squareup.leakcanary:leakcanary-android:1.5] AndroidManifest.xml:32:13-42
87        <service
87-->[com.squareup.leakcanary:leakcanary-android:1.5] AndroidManifest.xml:33:9-35:39
88            android:name="com.squareup.leakcanary.DisplayLeakService"
88-->[com.squareup.leakcanary:leakcanary-android:1.5] AndroidManifest.xml:34:13-70
89            android:enabled="false" />
89-->[com.squareup.leakcanary:leakcanary-android:1.5] AndroidManifest.xml:35:13-36
90
91        <activity
91-->[com.squareup.leakcanary:leakcanary-android:1.5] AndroidManifest.xml:37:9-49:20
92            android:name="com.squareup.leakcanary.internal.DisplayLeakActivity"
92-->[com.squareup.leakcanary:leakcanary-android:1.5] AndroidManifest.xml:38:13-80
93            android:enabled="false"
93-->[com.squareup.leakcanary:leakcanary-android:1.5] AndroidManifest.xml:39:13-36
94            android:icon="@drawable/leak_canary_icon"
94-->[com.squareup.leakcanary:leakcanary-android:1.5] AndroidManifest.xml:40:13-54
95            android:label="@string/leak_canary_display_activity_label"
95-->[com.squareup.leakcanary:leakcanary-android:1.5] AndroidManifest.xml:41:13-71
96            android:taskAffinity="com.squareup.leakcanary"
96-->[com.squareup.leakcanary:leakcanary-android:1.5] AndroidManifest.xml:42:13-59
97            android:theme="@style/leak_canary_LeakCanary.Base" >
97-->[com.squareup.leakcanary:leakcanary-android:1.5] AndroidManifest.xml:43:13-63
98            <intent-filter>
98-->src/main/AndroidManifest.xml:14:13-18:29
99                <action android:name="android.intent.action.MAIN" />
99-->src/main/AndroidManifest.xml:15:17-69
99-->src/main/AndroidManifest.xml:15:25-66
100
101                <category android:name="android.intent.category.LAUNCHER" />
101-->src/main/AndroidManifest.xml:17:17-77
101-->src/main/AndroidManifest.xml:17:27-74
102            </intent-filter>
103        </activity>
104        <activity
104-->[com.squareup.leakcanary:leakcanary-android:1.5] AndroidManifest.xml:50:9-56:68
105            android:name="com.squareup.leakcanary.internal.RequestStoragePermissionActivity"
105-->[com.squareup.leakcanary:leakcanary-android:1.5] AndroidManifest.xml:51:13-93
106            android:enabled="false"
106-->[com.squareup.leakcanary:leakcanary-android:1.5] AndroidManifest.xml:52:13-36
107            android:icon="@drawable/leak_canary_icon"
107-->[com.squareup.leakcanary:leakcanary-android:1.5] AndroidManifest.xml:53:13-54
108            android:label="@string/leak_canary_storage_permission_activity_label"
108-->[com.squareup.leakcanary:leakcanary-android:1.5] AndroidManifest.xml:54:13-82
109            android:taskAffinity="com.squareup.leakcanary"
109-->[com.squareup.leakcanary:leakcanary-android:1.5] AndroidManifest.xml:55:13-59
110            android:theme="@style/leak_canary_Theme.Transparent" />
110-->[com.squareup.leakcanary:leakcanary-android:1.5] AndroidManifest.xml:56:13-65
111        <activity
111-->[:zxing-android-embedded] AndroidManifest.xml:48:9-54:63
112            android:name="com.journeyapps.barcodescanner.CaptureActivity"
112-->[:zxing-android-embedded] AndroidManifest.xml:49:13-74
113            android:clearTaskOnLaunch="true"
113-->[:zxing-android-embedded] AndroidManifest.xml:50:13-45
114            android:screenOrientation="sensorLandscape"
114-->[:zxing-android-embedded] AndroidManifest.xml:51:13-56
115            android:stateNotNeeded="true"
115-->[:zxing-android-embedded] AndroidManifest.xml:52:13-42
116            android:theme="@style/zxing_CaptureTheme"
116-->[:zxing-android-embedded] AndroidManifest.xml:53:13-54
117            android:windowSoftInputMode="stateAlwaysHidden" />
117-->[:zxing-android-embedded] AndroidManifest.xml:54:13-60
118        <activity android:name="com.mikepenz.aboutlibraries.ui.LibsActivity" />
118-->[com.mikepenz:aboutlibraries:6.2.3] AndroidManifest.xml:12:9-80
118-->[com.mikepenz:aboutlibraries:6.2.3] AndroidManifest.xml:12:19-77
119    </application>
120
121</manifest>